gcp: cannot stat '/Users/philipp/git/dump/odm/lib64/libpwirisservice.so': No such file or directory
gcp: cannot stat '/Users/philipp/git/dump/odm/lib64/libpwsoftirisPCS.so': No such file or directory
gcp: cannot stat '/Users/philipp/git/dump/odm/lib64/hw/vendor.qti.esepowermanager@1.1-impl.so': No such file or directory
gcp: cannot stat '/Users/philipp/git/dump/odm/lib64/libpwsnapdragoncolor.so': No such file or directory
gcp: cannot stat '/Users/philipp/git/dump/odm/lib64/vendor.oplus.hardware.cammidasservice@1.0.so': No such file or directory
gcp: cannot stat '/Users/philipp/git/dump/odm/lib64/libfastov_dsp.so': No such file or directory
gcp: cannot stat '/Users/philipp/git/dump/odm/lib64/libpwirissoft.so': No such file or directory
gcp: cannot stat '/Users/philipp/git/dump/odm/lib64/camera/fdconfigvideolite.bin': No such file or directory
gcp: cannot stat '/Users/philipp/git/dump/odm/lib64/camera/components/libipebpsstriping.so': No such file or directory
gcp: cannot stat '/Users/philipp/git/dump/odm/lib64/camera/components/com.qti.stats.pdlib.so': No such file or directory
gcp: cannot stat '/Users/philipp/git/dump/odm/lib64/camera/fdconfigpreviewlite.bin': No such file or directory
gcp: cannot stat '/Users/philipp/git/dump/odm/lib64/camera/fdconfigvideo.bin': No such file or directory
gcp: cannot stat '/Users/philipp/git/dump/odm/lib64/camera/fdconfigpreview.bin': No such file or directory
gcp: cannot stat '/Users/philipp/git/dump/odm/lib64/android.hardware.secure_element@1.0-impl.so': No such file or directory
gcp: cannot stat '/Users/philipp/git/dump/odm/lib64/vendor.qti.esepowermanager@1.0.so': No such file or directory
gcp: cannot stat '/Users/philipp/git/dump/odm/lib64/libpwirisfeature.so': No such file or directory
gcp: cannot stat '/Users/philipp/git/dump/odm/lib64/libpwirispq.so': No such file or directory
gcp: cannot stat '/Users/philipp/git/dump/odm/lib64/vendor.qti.esepowermanager@1.1.so': No such file or directory
gcp: cannot stat '/Users/philipp/git/dump/odm/lib64/libpwiriscalibrate.so': No such file or directory
gcp: cannot stat '/Users/philipp/git/dump/odm/lib64/libpwirishalwrapper.so': No such file or directory
gcp: cannot stat '/Users/philipp/git/dump/odm/lib64/liboplus_service.so': No such file or directory
gcp: cannot stat '/Users/philipp/git/dump/odm/lib64/vendor.pixelworks.hardware.feature@1.0.so': No such file or directory
gcp: cannot stat '/Users/philipp/git/dump/odm/lib64/libpwirisIoctlWrapper.so': No such file or directory
gcp: cannot stat '/Users/philipp/git/dump/odm/lib64/vendor.pixelworks.hardware.display@1.1.so': No such file or directory
gcp: cannot stat '/Users/philipp/git/dump/odm/lib64/vendor.pixelworks.hardware.display@1.0.so': No such file or directory
gcp: cannot stat '/Users/philipp/git/dump/odm/lib64/libpwirisPCS.so': No such file or directory
gcp: cannot stat '/Users/philipp/git/dump/odm/bin/oplus_sensor_fb': No such file or directory
gcp: cannot stat '/Users/philipp/git/dump/odm/bin/hw/vendor.qti.secure_element@1.2-service': No such file or directory
gcp: cannot stat '/Users/philipp/git/dump/odm/bin/hw/vendor.pixelworks.hardware.feature.irisfeature-service': No such file or directory
gcp: cannot stat '/Users/philipp/git/dump/odm/bin/hw/vendor.qti.esepowermanager@1.1-service': No such file or directory
gcp: cannot stat '/Users/philipp/git/dump/odm/etc/init/vendor.qti.secure_element@1.2-service.rc': No such file or directory
gcp: cannot stat '/Users/philipp/git/dump/odm/etc/init/vendor.qti.esepowermanager@1.1-service.rc': No such file or directory
gcp: cannot stat '/Users/philipp/git/dump/odm/etc/init/vendor.pixelworks.hardware.feature.irisfeature-service.rc': No such file or directory
gcp: cannot stat '/Users/philipp/git/dump/odm/etc/vintf/manifest/vendor.pixelworks.hardware.display.iris-service.xml': No such file or directory
gcp: cannot stat '/Users/philipp/git/dump/odm/etc/vintf/manifest/vendor.pixelworks.hardware.feature.irisfeature-service.xml': No such file or directory
gcp: cannot stat '/Users/philipp/git/dump/odm/lib/rfsa/adsp/libaiboost_skel.so': No such file or directory
gcp: cannot stat '/Users/philipp/git/dump/odm/lib/rfsa/adsp/libinterstellar_skel.so': No such file or directory
gcp: cannot stat '/Users/philipp/git/dump/odm/lib/rfsa/adsp/hta_lib/libhta_dsp_skel.so': No such file or directory
gcp: cannot stat '/Users/philipp/git/dump/odm/lib/rfsa/adsp/libaiboost_skel_v66.so': No such file or directory
gcp: cannot stat '/Users/philipp/git/dump/odm/lib/rfsa/adsp/libaiboost_skel_v65.so': No such file or directory
gcp: cannot stat '/Users/philipp/git/dump/system_ext/lib64/libaptXHD_encoder.so': No such file or directory
gcp: cannot stat '/Users/philipp/git/dump/system_ext/lib64/libaptX_encoder.so': No such file or directory
gcp: cannot stat '/Users/philipp/git/dump/vendor/firmware/ipa_uc.b02': No such file or directory
gcp: cannot stat '/Users/philipp/git/dump/vendor/firmware/ipa_uc.b00': No such file or directory
gcp: cannot stat '/Users/philipp/git/dump/vendor/firmware/ipa_uc.elf': No such file or directory
gcp: cannot stat '/Users/philipp/git/dump/vendor/firmware/ipa_uc.b01': No such file or directory
gcp: cannot stat '/Users/philipp/git/dump/vendor/firmware/ipa_uc.mdt': No such file or directory
gcp: cannot stat '/Users/philipp/git/dump/vendor/lib64/libarcsoft_smart_denoise_v4.so': No such file or directory
gcp: cannot stat '/Users/philipp/git/dump/vendor/lib64/libarcsoft_fringe_remove.so': No such file or directory
gcp: cannot stat '/Users/philipp/git/dump/vendor/lib64/libarcsoft_dualcam_refocus_right.so': No such file or directory
gcp: cannot stat '/Users/philipp/git/dump/vendor/lib64/vendor.qti.hardware.vpp@1.4.so': No such file or directory
gcp: cannot stat '/Users/philipp/git/dump/vendor/lib64/libspl.so': No such file or directory
gcp: cannot stat '/Users/philipp/git/dump/vendor/lib64/camera/CFR_para2_OnePlus_EF017_UW_snapshot.bin': No such file or directory
gcp: cannot stat '/Users/philipp/git/dump/vendor/lib64/camera/CFR_OnePlus_UW_video.bin': No such file or directory
gcp: cannot stat '/Users/philipp/git/dump/vendor/lib64/camera/CFR_OnePlus_UW_photo_preview.bin': No such file or directory
gcp: cannot stat '/Users/philipp/git/dump/vendor/lib64/camera/com.qti.tuned.default.bin': No such file or directory
gcp: cannot stat '/Users/philipp/git/dump/vendor/lib64/camera/components/com.qti.node.eisv2.compass.so': No such file or directory
gcp: cannot stat '/Users/philipp/git/dump/vendor/lib64/camera/components/com.oneplus.node.preview_nv.so': No such file or directory
gcp: cannot stat '/Users/philipp/git/dump/vendor/lib64/camera/components/com.qti.node.eisv3.compass.so': No such file or directory
gcp: cannot stat '/Users/philipp/git/dump/vendor/lib64/libcamxtintlessalgo_21.so': No such file or directory
gcp: cannot stat '/Users/philipp/git/dump/vendor/lib64/libhta.so': No such file or directory
gcp: cannot stat '/Users/philipp/git/dump/vendor/lib64/libarcsoft_stripe_removal.so': No such file or directory
gcp: cannot stat '/Users/philipp/git/dump/vendor/lib64/libcvp2_hfi.so': No such file or directory
gcp: cannot stat '/Users/philipp/git/dump/vendor/lib64/libarcsoft_calibverify_TriCamera.so': No such file or directory
gcp: cannot stat '/Users/philipp/git/dump/vendor/lib64/libspcom.so': No such file or directory
gcp: cannot stat '/Users/philipp/git/dump/vendor/lib64/libarcsoft_high_dynamic_range_v4.so': No such file or directory
gcp: cannot stat '/Users/philipp/git/dump/vendor/lib64/libarcsoft_tricam_calibration.so': No such file or directory
gcp: cannot stat '/Users/philipp/git/dump/vendor/lib64/libmdmimgload.so': No such file or directory
gcp: cannot stat '/Users/philipp/git/dump/vendor/lib64/libcvp2.so': No such file or directory
gcp: cannot stat '/Users/philipp/git/dump/vendor/lib64/libarcsoft_video_fringing_correction.so': No such file or directory
gcp: cannot stat '/Users/philipp/git/dump/vendor/lib64/libarcsoft_tricam_verification.so': No such file or directory
gcp: cannot stat '/Users/philipp/git/dump/vendor/lib64/libarcsoft_hdr_denoise_api_v4.so': No such file or directory
gcp: cannot stat '/Users/philipp/git/dump/vendor/bin/mdm_helper': No such file or directory
gcp: cannot stat '/Users/philipp/git/dump/vendor/etc/init/vppservice_osie_sr.rc': No such file or directory
gcp: cannot stat '/Users/philipp/git/dump/vendor/etc/sensors/config/kona_qrd_mmc5603nj.json': No such file or directory
gcp: cannot stat '/Users/philipp/git/dump/vendor/etc/sensors/config/kona_amd_sw_disabled.json': No such file or directory
gcp: cannot stat '/Users/philipp/git/dump/vendor/etc/sensors/config/kona_qrd_bmi160.json': No such file or directory
gcp: cannot stat '/Users/philipp/git/dump/vendor/etc/sensors/config/kona_hdk_ak991x_0.json': No such file or directory
gcp: cannot stat '/Users/philipp/git/dump/vendor/etc/sensors/config/kona_irq.json': No such file or directory
gcp: cannot stat '/Users/philipp/git/dump/vendor/etc/sensors/config/wigig_sensing_0.json': No such file or directory
gcp: cannot stat '/Users/philipp/git/dump/vendor/etc/sensors/config/kona_power_0.json': No such file or directory
gcp: cannot stat '/Users/philipp/git/dump/vendor/etc/sensors/config/kona_qrd_devinfo.json': No such file or directory
gcp: cannot stat '/Users/philipp/git/dump/vendor/etc/sensors/config/kona_qrd_lsm6ds3c.json': No such file or directory
gcp: cannot stat '/Users/philipp/git/dump/vendor/etc/sensors/config/kona_default_sensors.json': No such file or directory
gcp: cannot stat '/Users/philipp/git/dump/vendor/etc/sensors/config/kona_qrd_ak991x_0.json': No such file or directory
gcp: cannot stat '/Users/philipp/git/dump/vendor/etc/sensors/config/kona_qrd_lps22hh_0.json': No such file or directory
gcp: cannot stat '/Users/philipp/git/dump/vendor/etc/sensors/config/kona_qrd_alsps.json': No such file or directory
gcp: cannot stat '/Users/philipp/git/dump/vendor/etc/sensors/config/kona_qrd_lsm6dsm.json': No such file or directory
gcp: cannot stat '/Users/philipp/git/dump/vendor/etc/sensors/config/kona_dynamic_sensors.json': No such file or directory
gcp: cannot stat '/Users/philipp/git/dump/vendor/etc/sensors/config/kona_qrd_tcs3408_rear.json': No such file or directory
gcp: cannot stat '/Users/philipp/git/dump/vendor/etc/sensors/config/kona_sx932x_0.json': No such file or directory
gcp: cannot stat '/Users/philipp/git/dump/vendor/etc/sensors/config/kona_qrd_tmd2725_0.json': No such file or directory
gcp: cannot stat '/Users/philipp/git/dump/vendor/etc/qdcm_calib_data_samsung_ams662zs01_dsc_cmd_mode_panel.xml': No such file or directory
gcp: cannot stat '/Users/philipp/git/dump/vendor/etc/qdcm_calib_data_samsung_S6E3HC3_dsc_cmd_mode_panel.xml': No such file or directory
gcp: cannot stat '/Users/philipp/git/dump/vendor/etc/qdcm_calib_data_samsung_amb655x_fhd_cmd_mode_dsc_dsi_panel.xml': No such file or directory
gcp: cannot stat '/Users/philipp/git/dump/vendor/etc/libnfc-nci.conf': No such file or directory
gcp: cannot stat '/Users/philipp/git/dump/vendor/etc/media_codecs_kona_vendor.xml': No such file or directory
gcp: cannot stat '/Users/philipp/git/dump/vendor/etc/vintf/manifest/manifest_oplus_osiesr.xml': No such file or directory
gcp: cannot stat '/Users/philipp/git/dump/vendor/etc/ltm_config_samsung_SOFE03F_dsc_cmd_mode_panel.xml': No such file or directory
gcp: cannot stat '/Users/philipp/git/dump/vendor/etc/qdcm_calib_data_19795_samsung_AMS678UW01_dsc_cmd_mode_panel.xml': No such file or directory
gcp: cannot stat '/Users/philipp/git/dump/vendor/etc/media_codecs_c2.xml': No such file or directory
gcp: cannot stat '/Users/philipp/git/dump/vendor/etc/media_profiles_kona.xml': No such file or directory
gcp: cannot stat '/Users/philipp/git/dump/vendor/etc/ltm_config_19795_samsung_AMS678UW01_dsc_cmd_mode_panel.xml': No such file or directory
gcp: cannot stat '/Users/philipp/git/dump/vendor/etc/qdcm_calib_data_samsung_fhd_amoled.xml': No such file or directory
gcp: cannot stat '/Users/philipp/git/dump/vendor/etc/ltm_config_samsung_amb655x_fhd_cmd_mode_dsc_dsi_panel.xml': No such file or directory
gcp: cannot stat '/Users/philipp/git/dump/vendor/etc/ltm_config_samsung_AMS678UW01_qhd_panel.xml': No such file or directory
gcp: cannot stat '/Users/philipp/git/dump/vendor/etc/ltm_config_samsung_amb655xl08_amoled_fhd+_panel.xml': No such file or directory
gcp: cannot stat '/Users/philipp/git/dump/vendor/etc/OPlus_QC_LTM_Commercial_SM8250_2020_02_07.pfm': No such file or directory
gcp: cannot stat '/Users/philipp/git/dump/vendor/etc/media_codecs_performance_kona_vendor.xml': No such file or directory
gcp: cannot stat '/Users/philipp/git/dump/vendor/etc/ltm_config_samsung_ams662zs01_dsc_cmd_mode_panel.xml': No such file or directory
gcp: cannot stat '/Users/philipp/git/dump/vendor/etc/media_codecs_performance_c2.xml': No such file or directory
gcp: cannot stat '/Users/philipp/git/dump/vendor/etc/ltm_config_samsung_S6E3HC3_dsc_cmd_mode_panel.xml': No such file or directory
gcp: cannot stat '/Users/philipp/git/dump/vendor/etc/libnfc-mtp-SN100.conf': No such file or directory
gcp: cannot stat '/Users/philipp/git/dump/vendor/etc/qdcm_calib_data_samsung_SOFE03F_dsc_cmd_mode_panel.xml': No such file or directory
gcp: cannot stat '/Users/philipp/git/dump/vendor/etc/media_codecs_kona.xml': No such file or directory
gcp: cannot stat '/Users/philipp/git/dump/vendor/etc/ltm_config_samsung_fhd_amoled.xml': No such file or directory
gcp: cannot stat '/Users/philipp/git/dump/vendor/etc/ltm_config_samsung_ams662zs01_dvt_dsc_cmd_mode_panel.xml': No such file or directory
gcp: cannot stat '/Users/philipp/git/dump/vendor/etc/qdcm_calib_data_samsung_AMS678UW01_qhd_panel.xml': No such file or directory
gcp: cannot stat '/Users/philipp/git/dump/vendor/etc/qdcm_calib_data_samsung_amb655xl08_amoled_fhd+_panel.xml': No such file or directory
gcp: cannot stat '/Users/philipp/git/dump/vendor/etc/qdcm_calib_data_samsung_ams662zs01_dvt_dsc_cmd_mode_panel.xml': No such file or directory
gcp: cannot stat '/Users/philipp/git/dump/vendor/etc/media_codecs_performance_kona.xml': No such file or directory
gcp: cannot stat '/Users/philipp/git/dump/vendor/lib/hw/sound_trigger.primary.kona.so': No such file or directory
gcp: cannot stat '/Users/philipp/git/dump/vendor/lib/vendor.qti.hardware.vpp@1.4.so': No such file or directory
gcp: cannot stat '/Users/philipp/git/dump/vendor/lib/libsn100u_fw.so': No such file or directory
gcp: cannot stat '/Users/philipp/git/dump/vendor/lib/libnightvision.so': No such file or directory
gcp: cannot stat '/Users/philipp/git/dump/vendor/lib/rfsa/adsp/libcalculator_domains_skel.so': No such file or directory
gcp: cannot stat '/Users/philipp/git/dump/vendor/lib/rfsa/adsp/libinterstellar_skel.so': No such file or directory
gcp: cannot stat '/Users/philipp/git/dump/vendor/lib/rfsa/adsp/libQ6MSFR_manager_skel.so': No such file or directory
gcp: cannot stat '/Users/philipp/git/dump/vendor/lib/rfsa/adsp/libMFSR_FRT_skel.so': No such file or directory
gcp: cannot stat '/Users/philipp/git/dump/vendor/lib/rfsa/adsp/libvdsuperphoto_skel.so': No such file or directory
gcp: cannot stat '/Users/philipp/git/dump/vendor/lib/rfsa/adsp/libalCFR_skel.so': No such file or directory
gcp: cannot stat '/Users/philipp/git/dump/vendor/lib/rfsa/adsp/libpmucount_skel.so': No such file or directory
gcp: cannot stat '/Users/philipp/git/dump/vendor/lib/rfsa/adsp/libosie_skel.so': No such file or directory
gcp: cannot stat '/Users/philipp/git/dump/vendor/lib/rfsa/adsp/libcalculator_skel.so': No such file or directory
